# JRE version: OpenJDK Runtime Environment Temurin-21.0.10+7 (21.0.10+7) (build 21.0.10+7-LTS)
# Java VM: OpenJDK 64-Bit Server VM Temurin-21.0.10+7 (21.0.10+7-LTS, mixed mode, sharing, tiered, compressed oops, compressed class ptrs, g1 gc, windows-amd64)
GC Precious Log:
 CardTable entry size: 512
 Card Set container configuration: InlinePtr #cards 5 size 8 Array Of Cards #cards 12 size 40 Howl #buckets 4 coarsen threshold 1843 Howl Bitmap #cards 512 size 80 coarsen threshold 460 Card regions per heap region 1 cards per card region 2048
 CPUs: 12 total, 12 available
 Memory: 7863M
 Large Page Support: Disabled
 NUMA Support: Disabled
 Compressed Oops: Enabled (32-bit)
 Heap Region Size: 1M
 Heap Min Capacity: 8M
 Heap Initial Capacity: 124M
 Heap Max Capacity: 1966M
 Pre-touch: Disabled
 Parallel Workers: 10
 Concurrent Workers: 3
 Concurrent Refinement Workers: 10
 Periodic GC: Disabled
Heap:
 garbage-first heap   total 83968K, used 74575K [0x0000000085200000, 0x0000000100000000)
  region size 1024K, 33 young (33792K), 2 survivors (2048K)
 Metaspace       used 84487K, committed 85504K, reserved 1179648K
  class space    used 10766K, committed 11328K, reserved 1048576K
GC Heap History (20 events):
Event: 133.652 GC heap before
{Heap before GC invocations=25 (full 0):
 garbage-first heap   total 74752K, used 67069K [0x0000000085200000, 0x0000000100000000)
  region size 1024K, 22 young (22528K), 2 survivors (2048K)
 Metaspace       used 77716K, committed 78656K, reserved 1179648K
  class space    used 10189K, committed 10624K, reserved 1048576K
}
Event: 133.709 GC heap after
{Heap after GC invocations=26 (full 0):
 garbage-first heap   total 74752K, used 49160K [0x0000000085200000, 0x0000000100000000)
  region size 1024K, 2 young (2048K), 2 survivors (2048K)
 Metaspace       used 77716K, committed 78656K, reserved 1179648K
  class space    used 10189K, committed 10624K, reserved 1048576K
}
Event: 250.494 GC heap before
{Heap before GC invocations=27 (full 0):
 garbage-first heap   total 83968K, used 67592K [0x0000000085200000, 0x0000000100000000)
  region size 1024K, 21 young (21504K), 2 survivors (2048K)
 Metaspace       used 80696K, committed 81664K, reserved 1179648K
  class space    used 10579K, committed 11008K, reserved 1048576K
}
Event: 250.531 GC heap after
{Heap after GC invocations=28 (full 0):
 garbage-first heap   total 83968K, used 50011K [0x0000000085200000, 0x0000000100000000)
  region size 1024K, 3 young (3072K), 3 survivors (3072K)
 Metaspace       used 80696K, committed 81664K, reserved 1179648K
  class space    used 10579K, committed 11008K, reserved 1048576K
}
Event: 672.311 GC heap before
{Heap before GC invocations=28 (full 0):
 garbage-first heap   total 83968K, used 76635K [0x0000000085200000, 0x0000000100000000)
  region size 1024K, 29 young (29696K), 3 survivors (3072K)
 Metaspace       used 81057K, committed 82048K, reserved 1179648K
  class space    used 10580K, committed 11008K, reserved 1048576K
}
Event: 672.372 GC heap after
{Heap after GC invocations=29 (full 0):
 garbage-first heap   total 83968K, used 48646K [0x0000000085200000, 0x0000000100000000)
  region size 1024K, 2 young (2048K), 2 survivors (2048K)
 Metaspace       used 81057K, committed 82048K, reserved 1179648K
  class space    used 10580K, committed 11008K, reserved 1048576K
}
Event: 1179.928 GC heap before
{Heap before GC invocations=29 (full 0):
 garbage-first heap   total 83968K, used 77318K [0x0000000085200000, 0x0000000100000000)
  region size 1024K, 30 young (30720K), 2 survivors (2048K)
 Metaspace       used 81260K, committed 82240K, reserved 1179648K
  class space    used 10581K, committed 11008K, reserved 1048576K
}
Event: 1180.070 GC heap after
{Heap after GC invocations=30 (full 0):
 garbage-first heap   total 83968K, used 48806K [0x0000000085200000, 0x0000000100000000)
  region size 1024K, 2 young (2048K), 2 survivors (2048K)
 Metaspace       used 81260K, committed 82240K, reserved 1179648K
  class space    used 10581K, committed 11008K, reserved 1048576K
}
Event: 1660.330 GC heap before
{Heap before GC invocations=31 (full 0):
 garbage-first heap   total 83968K, used 77478K [0x0000000085200000, 0x0000000100000000)
  region size 1024K, 30 young (30720K), 2 survivors (2048K)
 Metaspace       used 81943K, committed 82944K, reserved 1179648K
  class space    used 10662K, committed 11136K, reserved 1048576K
}
Event: 1660.392 GC heap after
{Heap after GC invocations=32 (full 0):
 garbage-first heap   total 83968K, used 49079K [0x0000000085200000, 0x0000000100000000)
  region size 1024K, 2 young (2048K), 2 survivors (2048K)
 Metaspace       used 81943K, committed 82944K, reserved 1179648K
  class space    used 10662K, committed 11136K, reserved 1048576K
}
Event: 2183.954 GC heap before
{Heap before GC invocations=32 (full 0):
 garbage-first heap   total 83968K, used 77751K [0x0000000085200000, 0x0000000100000000)
  region size 1024K, 30 young (30720K), 2 survivors (2048K)
 Metaspace       used 82233K, committed 83264K, reserved 1179648K
  class space    used 10663K, committed 11136K, reserved 1048576K
}
Event: 2184.176 GC heap after
{Heap after GC invocations=33 (full 0):
 garbage-first heap   total 83968K, used 48447K [0x0000000085200000, 0x0000000100000000)
  region size 1024K, 2 young (2048K), 2 survivors (2048K)
 Metaspace       used 82233K, committed 83264K, reserved 1179648K
  class space    used 10663K, committed 11136K, reserved 1048576K
}
Event: 2502.629 GC heap before
{Heap before GC invocations=33 (full 0):
 garbage-first heap   total 83968K, used 78143K [0x0000000085200000, 0x0000000100000000)
  region size 1024K, 31 young (31744K), 2 survivors (2048K)
 Metaspace       used 84121K, committed 85120K, reserved 1179648K
  class space    used 10895K, committed 11328K, reserved 1048576K
}
Event: 2502.661 GC heap after
{Heap after GC invocations=34 (full 0):
 garbage-first heap   total 83968K, used 49637K [0x0000000085200000, 0x0000000100000000)
  region size 1024K, 3 young (3072K), 3 survivors (3072K)
 Metaspace       used 84121K, committed 85120K, reserved 1179648K
  class space    used 10895K, committed 11328K, reserved 1048576K
}
Event: 2963.431 GC heap before
{Heap before GC invocations=35 (full 0):
 garbage-first heap   total 83968K, used 78309K [0x0000000085200000, 0x0000000100000000)
  region size 1024K, 31 young (31744K), 3 survivors (3072K)
 Metaspace       used 83926K, committed 85184K, reserved 1179648K
  class space    used 10748K, committed 11328K, reserved 1048576K
}
Event: 2963.539 GC heap after
{Heap after GC invocations=36 (full 0):
 garbage-first heap   total 83968K, used 49624K [0x0000000085200000, 0x0000000100000000)
  region size 1024K, 2 young (2048K), 2 survivors (2048K)
 Metaspace       used 83926K, committed 85184K, reserved 1179648K
  class space    used 10748K, committed 11328K, reserved 1048576K
}
Event: 3490.380 GC heap before
{Heap before GC invocations=36 (full 0):
 garbage-first heap   total 83968K, used 77272K [0x0000000085200000, 0x0000000100000000)
  region size 1024K, 30 young (30720K), 2 survivors (2048K)
 Metaspace       used 84002K, committed 85248K, reserved 1179648K
  class space    used 10748K, committed 11328K, reserved 1048576K
}
Event: 3490.498 GC heap after
{Heap after GC invocations=37 (full 0):
 garbage-first heap   total 83968K, used 46057K [0x0000000085200000, 0x0000000100000000)
  region size 1024K, 2 young (2048K), 2 survivors (2048K)
 Metaspace       used 84002K, committed 85248K, reserved 1179648K
  class space    used 10748K, committed 11328K, reserved 1048576K
}
Event: 4110.450 GC heap before
{Heap before GC invocations=37 (full 0):
 garbage-first heap   total 83968K, used 77801K [0x0000000085200000, 0x0000000100000000)
  region size 1024K, 33 young (33792K), 2 survivors (2048K)
 Metaspace       used 84246K, committed 85376K, reserved 1179648K
  class space    used 10750K, committed 11328K, reserved 1048576K
}
Event: 4110.544 GC heap after
{Heap after GC invocations=38 (full 0):
 garbage-first heap   total 83968K, used 43855K [0x0000000085200000, 0x0000000100000000)
  region size 1024K, 2 young (2048K), 2 survivors (2048K)
 Metaspace       used 84246K, committed 85376K, reserved 1179648K
  class space    used 10750K, committed 11328K, reserved 1048576K
}

